Logfile initialized
[INFO] logfile = C:\Users\ignacio\Documents\Titanium_Studio_Workspace\Findtest\build.log
[DEBUG] C:\Users\ignacio\AppData\Roaming\Titanium\mobilesdk\win32\3.1.1.GA\android\builder.py install Findtest E:\Users\ignacio\AppData\Local\Android\android-sdk C:\Users\ignacio\Documents\Titanium_Studio_Workspace\Findtest com.findbreak.test 1
[INFO] Titanium SDK version: 3.1.1 (06/15/13 16:09 f7592c1)
[DEBUG] Waiting for device to be ready ...
[TRACE] adb devices returned 1 devices/emulators
[DEBUG] Device connected... (waited 0 seconds)
[DEBUG] waited 0.030000 seconds on emulator to get ready
[DEBUG] com.findbreak.test installed? False
[INFO] Copying CommonJS modules...
[INFO] Copying project resources..
[TRACE] COPYING MODIFIED FILE: C:\Users\ignacio\Documents\Titanium_Studio_Workspace\Findtest\Resources\app.js => C:\Users\ignacio\Documents\Titanium_Studio_Workspace\Findtest\build\android\bin\assets\Resources\app.js
[DEBUG] LiveView not enabled
[TRACE] Generating Java Classes
[DEBUG] Processing Android resource drawables
[DEBUG] copying app icon: C:\Users\ignacio\Documents\Titanium_Studio_Workspace\Findtest\build\android\bin\assets\Resources\icon.png
[DEBUG] generating theme.xml
[DEBUG] found drawable-long-land-hdpi splash screen at C:\Users\ignacio\Documents\Titanium_Studio_Workspace\Findtest\Resources\android\images\res-long-land-hdpi\default.png
[DEBUG] copying C:\Users\ignacio\Documents\Titanium_Studio_Workspace\Findtest\Resources\android\images\res-long-land-hdpi\default.png splash screen to C:\Users\ignacio\Documents\Titanium_Studio_Workspace\Findtest\build\android\res\drawable-long-land-hdpi\background.png
[DEBUG] found drawable-long-land-ldpi splash screen at C:\Users\ignacio\Documents\Titanium_Studio_Workspace\Findtest\Resources\android\images\res-long-land-ldpi\default.png
[DEBUG] copying C:\Users\ignacio\Documents\Titanium_Studio_Workspace\Findtest\Resources\android\images\res-long-land-ldpi\default.png splash screen to C:\Users\ignacio\Documents\Titanium_Studio_Workspace\Findtest\build\android\res\drawable-long-land-ldpi\background.png
[DEBUG] found drawable-long-port-hdpi splash screen at C:\Users\ignacio\Documents\Titanium_Studio_Workspace\Findtest\Resources\android\images\res-long-port-hdpi\default.png
[DEBUG] copying C:\Users\ignacio\Documents\Titanium_Studio_Workspace\Findtest\Resources\android\images\res-long-port-hdpi\default.png splash screen to C:\Users\ignacio\Documents\Titanium_Studio_Workspace\Findtest\build\android\res\drawable-long-port-hdpi\background.png
[DEBUG] found drawable-long-port-ldpi splash screen at C:\Users\ignacio\Documents\Titanium_Studio_Workspace\Findtest\Resources\android\images\res-long-port-ldpi\default.png
[DEBUG] copying C:\Users\ignacio\Documents\Titanium_Studio_Workspace\Findtest\Resources\android\images\res-long-port-ldpi\default.png splash screen to C:\Users\ignacio\Documents\Titanium_Studio_Workspace\Findtest\build\android\res\drawable-long-port-ldpi\background.png
[DEBUG] found drawable-notlong-land-hdpi splash screen at C:\Users\ignacio\Documents\Titanium_Studio_Workspace\Findtest\Resources\android\images\res-notlong-land-hdpi\default.png
[DEBUG] copying C:\Users\ignacio\Documents\Titanium_Studio_Workspace\Findtest\Resources\android\images\res-notlong-land-hdpi\default.png splash screen to C:\Users\ignacio\Documents\Titanium_Studio_Workspace\Findtest\build\android\res\drawable-notlong-land-hdpi\background.png
[DEBUG] found drawable-notlong-land-ldpi splash screen at C:\Users\ignacio\Documents\Titanium_Studio_Workspace\Findtest\Resources\android\images\res-notlong-land-ldpi\default.png
[DEBUG] copying C:\Users\ignacio\Documents\Titanium_Studio_Workspace\Findtest\Resources\android\images\res-notlong-land-ldpi\default.png splash screen to C:\Users\ignacio\Documents\Titanium_Studio_Workspace\Findtest\build\android\res\drawable-notlong-land-ldpi\background.png
[DEBUG] found drawable-notlong-land-mdpi splash screen at C:\Users\ignacio\Documents\Titanium_Studio_Workspace\Findtest\Resources\android\images\res-notlong-land-mdpi\default.png
[DEBUG] copying C:\Users\ignacio\Documents\Titanium_Studio_Workspace\Findtest\Resources\android\images\res-notlong-land-mdpi\default.png splash screen to C:\Users\ignacio\Documents\Titanium_Studio_Workspace\Findtest\build\android\res\drawable-notlong-land-mdpi\background.png
[DEBUG] found drawable-notlong-port-hdpi splash screen at C:\Users\ignacio\Documents\Titanium_Studio_Workspace\Findtest\Resources\android\images\res-notlong-port-hdpi\default.png
[DEBUG] copying C:\Users\ignacio\Documents\Titanium_Studio_Workspace\Findtest\Resources\android\images\res-notlong-port-hdpi\default.png splash screen to C:\Users\ignacio\Documents\Titanium_Studio_Workspace\Findtest\build\android\res\drawable-notlong-port-hdpi\background.png
[DEBUG] found drawable-notlong-port-ldpi splash screen at C:\Users\ignacio\Documents\Titanium_Studio_Workspace\Findtest\Resources\android\images\res-notlong-port-ldpi\default.png
[DEBUG] copying C:\Users\ignacio\Documents\Titanium_Studio_Workspace\Findtest\Resources\android\images\res-notlong-port-ldpi\default.png splash screen to C:\Users\ignacio\Documents\Titanium_Studio_Workspace\Findtest\build\android\res\drawable-notlong-port-ldpi\background.png
[DEBUG] found drawable-notlong-port-mdpi splash screen at C:\Users\ignacio\Documents\Titanium_Studio_Workspace\Findtest\Resources\android\images\res-notlong-port-mdpi\default.png
[DEBUG] copying C:\Users\ignacio\Documents\Titanium_Studio_Workspace\Findtest\Resources\android\images\res-notlong-port-mdpi\default.png splash screen to C:\Users\ignacio\Documents\Titanium_Studio_Workspace\Findtest\build\android\res\drawable-notlong-port-mdpi\background.png
[DEBUG] found splash screen at C:\Users\ignacio\Documents\Titanium_Studio_Workspace\Findtest\build\android\bin\assets\Resources\default.png
[TRACE] Writing out AndroidManifest.xml
[DEBUG] adding C:\Users\ignacio\Documents\Titanium_Studio_Workspace\Findtest\build\android\gen\com\findbreak\test\FindtestActivity.java to javac build list
[DEBUG] adding C:\Users\ignacio\Documents\Titanium_Studio_Workspace\Findtest\build\android\gen\com\findbreak\test\FindtestAppInfo.java to javac build list
[DEBUG] adding C:\Users\ignacio\Documents\Titanium_Studio_Workspace\Findtest\build\android\gen\com\findbreak\test\FindtestApplication.java to javac build list
[DEBUG] adding C:\Users\ignacio\Documents\Titanium_Studio_Workspace\Findtest\build\android\gen\com\findbreak\test\R.java to javac build list
[DEBUG] Building Java Sources: "C:\\Users\\ignacio\\Documents\\Titanium_Studio_Workspace\\Findtest\\build\\android\\gen\\com\\findbreak\\test\\FindtestActivity.java" "C:\\Users\\ignacio\\Documents\\Titanium_Studio_Workspace\\Findtest\\build\\android\\gen\\com\\findbreak\\test\\FindtestAppInfo.java" "C:\\Users\\ignacio\\Documents\\Titanium_Studio_Workspace\\Findtest\\build\\android\\gen\\com\\findbreak\\test\\FindtestApplication.java" "C:\\Users\\ignacio\\Documents\\Titanium_Studio_Workspace\\Findtest\\build\\android\\gen\\com\\findbreak\\test\\R.java"
[INFO] Compiling Android Resources... This could take some time
[DEBUG] Android classes.dex built
[DEBUG] creating unsigned apk: C:\Users\ignacio\Documents\Titanium_Studio_Workspace\Findtest\build\android\bin\app-unsigned.apk
[DEBUG] from resource zip => assets/Resources/KS_nav_ui.png
[DEBUG] from resource zip => assets/Resources/KS_nav_views.png
[DEBUG] from resource zip => assets/Resources/app.js
[DEBUG] from resource zip => assets/Resources/appicon.png
[DEBUG] from resource zip => assets/Resources/default.png
[DEBUG] from resource zip => assets/Resources/icon.png
[DEBUG] from resource zip => assets/Resources/logon5.png
[DEBUG] from resource zip => assets/Resources/marker1.png
[DEBUG] from resource zip => assets/Resources/ti.cloud.js
[DEBUG] from resource zip => assets/app.json
[DEBUG] from resource zip => assets/index.json
[DEBUG] from resource zip => assets/tiapp.xml
[DEBUG] from resource zip => res/drawable/appicon.png
[DEBUG] from resource zip => res/drawable/background.png
[DEBUG] from resource zip => res/drawable/btn_check_buttonless_on_64.png
[DEBUG] from resource zip => res/drawable/btn_more_64.png
[DEBUG] from resource zip => res/drawable/disclosure_64.png
[DEBUG] from resource zip => res/layout/titanium_tabgroup.xml
[DEBUG] from resource zip => res/layout/titanium_ui_list_header_or_footer.xml
[DEBUG] from resource zip => res/layout/titanium_ui_list_item.xml
[DEBUG] from resource zip => AndroidManifest.xml
[DEBUG] from resource zip => resources.arsc
[DEBUG] from resource zip => res/drawable-long-land-hdpi/background.png
[DEBUG] from resource zip => res/drawable-long-land-ldpi/background.png
[DEBUG] from resource zip => res/drawable-long-port-hdpi/background.png
[DEBUG] from resource zip => res/drawable-long-port-ldpi/background.png
[DEBUG] from resource zip => res/drawable-notlong-land-hdpi/background.png
[DEBUG] from resource zip => res/drawable-notlong-land-ldpi/background.png
[DEBUG] from resource zip => res/drawable-notlong-land-mdpi/background.png
[DEBUG] from resource zip => res/drawable-notlong-port-hdpi/background.png
[DEBUG] from resource zip => res/drawable-notlong-port-ldpi/background.png
[DEBUG] from resource zip => res/drawable-notlong-port-mdpi/background.png
[DEBUG] from JAR C:\Users\ignacio\AppData\Roaming\Titanium\mobilesdk\win32\3.1.1.GA\android\modules\titanium-ui.jar => ti/modules/titanium/ui/widget/webview/binding.js
[DEBUG] from JAR C:\Users\ignacio\AppData\Roaming\Titanium\mobilesdk\win32\3.1.1.GA\android\modules\titanium-ui.jar => ti/modules/titanium/ui/widget/webview/binding.min.js
[DEBUG] from JAR C:\Users\ignacio\AppData\Roaming\Titanium\mobilesdk\win32\3.1.1.GA\android\modules\titanium-ui.jar => ti/modules/titanium/ui/widget/webview/json2.js
[DEBUG] from JAR C:\Users\ignacio\AppData\Roaming\Titanium\mobilesdk\win32\3.1.1.GA\android\modules\titanium-ui.jar => ti/modules/titanium/ui/widget/webview/polling.js
[DEBUG] from JAR C:\Users\ignacio\AppData\Roaming\Titanium\mobilesdk\win32\3.1.1.GA\android\modules\titanium-ui.jar => ti/modules/titanium/ui/widget/webview/polling.min.js
[DEBUG] from JAR C:\Users\ignacio\AppData\Roaming\Titanium\mobilesdk\win32\3.1.1.GA\android\titanium.jar => org/appcelerator/titanium/build.properties
[DEBUG] from JAR C:\Users\ignacio\AppData\Roaming\Titanium\mobilesdk\win32\3.1.1.GA\android\titanium.jar => org/appcelerator/titanium/res/drawable/background.png
[DEBUG] from JAR C:\Users\ignacio\AppData\Roaming\Titanium\mobilesdk\win32\3.1.1.GA\android\titanium.jar => org/appcelerator/titanium/res/drawable/btn_check_buttonless_on.png
[DEBUG] from JAR C:\Users\ignacio\AppData\Roaming\Titanium\mobilesdk\win32\3.1.1.GA\android\titanium.jar => org/appcelerator/titanium/res/drawable/btn_check_buttonless_on_18.png
[DEBUG] from JAR C:\Users\ignacio\AppData\Roaming\Titanium\mobilesdk\win32\3.1.1.GA\android\titanium.jar => org/appcelerator/titanium/res/drawable/btn_check_buttonless_on_48.png
[DEBUG] from JAR C:\Users\ignacio\AppData\Roaming\Titanium\mobilesdk\win32\3.1.1.GA\android\titanium.jar => org/appcelerator/titanium/res/drawable/btn_check_buttonless_on_64.png
[DEBUG] from JAR C:\Users\ignacio\AppData\Roaming\Titanium\mobilesdk\win32\3.1.1.GA\android\titanium.jar => org/appcelerator/titanium/res/drawable/btn_more.png
[DEBUG] from JAR C:\Users\ignacio\AppData\Roaming\Titanium\mobilesdk\win32\3.1.1.GA\android\titanium.jar => org/appcelerator/titanium/res/drawable/btn_more_18.png
[DEBUG] from JAR C:\Users\ignacio\AppData\Roaming\Titanium\mobilesdk\win32\3.1.1.GA\android\titanium.jar => org/appcelerator/titanium/res/drawable/btn_more_48.png
[DEBUG] from JAR C:\Users\ignacio\AppData\Roaming\Titanium\mobilesdk\win32\3.1.1.GA\android\titanium.jar => org/appcelerator/titanium/res/drawable/btn_more_64.png
[DEBUG] from JAR C:\Users\ignacio\AppData\Roaming\Titanium\mobilesdk\win32\3.1.1.GA\android\titanium.jar => org/appcelerator/titanium/res/drawable/btn_picker_normal.9.png
[DEBUG] from JAR C:\Users\ignacio\AppData\Roaming\Titanium\mobilesdk\win32\3.1.1.GA\android\titanium.jar => org/appcelerator/titanium/res/drawable/btn_picker_pressed.9.png
[DEBUG] from JAR C:\Users\ignacio\AppData\Roaming\Titanium\mobilesdk\win32\3.1.1.GA\android\titanium.jar => org/appcelerator/titanium/res/drawable/btn_picker_selected.9.png
[DEBUG] from JAR C:\Users\ignacio\AppData\Roaming\Titanium\mobilesdk\win32\3.1.1.GA\android\titanium.jar => org/appcelerator/titanium/res/drawable/default_icon.png
[DEBUG] from JAR C:\Users\ignacio\AppData\Roaming\Titanium\mobilesdk\win32\3.1.1.GA\android\titanium.jar => org/appcelerator/titanium/res/drawable/photoDefault.png
[DEBUG] from JAR C:\Users\ignacio\AppData\Roaming\Titanium\mobilesdk\win32\3.1.1.GA\android\thirdparty.jar => org/apache/Commons-NOTICE.txt
[DEBUG] from JAR C:\Users\ignacio\AppData\Roaming\Titanium\mobilesdk\win32\3.1.1.GA\android\thirdparty.jar => org/apache/HttpComponents-NOTICE.txt
[DEBUG] from JAR C:\Users\ignacio\AppData\Roaming\Titanium\mobilesdk\win32\3.1.1.GA\android\thirdparty.jar => org/apache/mime4j-NOTICE.txt
[DEBUG] installing native lib: C:\Users\ignacio\AppData\Roaming\Titanium\modules\android\ti.map\2.1.1\libs\armeabi\libti.map.so
[DEBUG] installing native lib: C:\Users\ignacio\AppData\Roaming\Titanium\modules\android\ti.map\2.1.1\libs\armeabi-v7a\libti.map.so
[DEBUG] installing native lib: C:\Users\ignacio\AppData\Roaming\Titanium\modules\android\ti.map\2.1.1\libs\x86\libti.map.so
[DEBUG] installing native lib: C:\Users\ignacio\AppData\Roaming\Titanium\modules\android\ti.cloudpush\2.2.0\libs\armeabi\libti.cloudpush.so
[DEBUG] installing native lib: C:\Users\ignacio\AppData\Roaming\Titanium\modules\android\ti.cloudpush\2.2.0\libs\armeabi-v7a\libti.cloudpush.so
[DEBUG] installing native SDK libs
[DEBUG] Waiting for device to be ready ...
[TRACE] adb devices returned 1 devices/emulators
[DEBUG] Device connected... (waited 0 seconds)
[DEBUG] waited 0.032000 seconds on emulator to get ready
[INFO] Installing application on device
[INFO] Application installed. Launch from drawer on Home Screen
